# JRE version: Java(TM) SE Runtime Environment (21.0.3+7) (build 21.0.3+7-LTS-152)
# Java VM: Java HotSpot(TM) 64-Bit Server VM (21.0.3+7-LTS-152, mixed mode, sharing, tiered, compressed oops, compressed class ptrs, g1 gc, windows-amd64)
GC Precious Log:
 CardTable entry size: 512
 Card Set container configuration: InlinePtr #cards 5 size 8 Array Of Cards #cards 12 size 40 Howl #buckets 4 coarsen threshold 1843 Howl Bitmap #cards 512 size 80 coarsen threshold 460 Card regions per heap region 1 cards per card region 2048
 CPUs: 8 total, 8 available
 Memory: 7103M
 Large Page Support: Disabled
 NUMA Support: Disabled
 Compressed Oops: Enabled (32-bit)
 Heap Region Size: 1M
 Heap Min Capacity: 8M
 Heap Initial Capacity: 112M
 Heap Max Capacity: 1776M
 Pre-touch: Disabled
 Parallel Workers: 8
 Concurrent Workers: 2
 Concurrent Refinement Workers: 8
 Periodic GC: Disabled
Heap:
 garbage-first heap   total 158720K, used 81750K [0x0000000091000000, 0x0000000100000000)
  region size 1024K, 11 young (11264K), 4 survivors (4096K)
 Metaspace       used 98755K, committed 99648K, reserved 1179648K
  class space    used 13249K, committed 13696K, reserved 1048576K
GC Heap History (20 events):
Event: 276.628 GC heap before
{Heap before GC invocations=39 (full 0):
 garbage-first heap   total 142336K, used 133892K [0x0000000091000000, 0x0000000100000000)
  region size 1024K, 43 young (44032K), 2 survivors (2048K)
 Metaspace       used 95997K, committed 96896K, reserved 1179648K
  class space    used 13041K, committed 13440K, reserved 1048576K
}
Event: 276.634 GC heap after
{Heap after GC invocations=40 (full 0):
 garbage-first heap   total 143360K, used 98735K [0x0000000091000000, 0x0000000100000000)
  region size 1024K, 6 young (6144K), 6 survivors (6144K)
 Metaspace       used 95997K, committed 96896K, reserved 1179648K
  class space    used 13041K, committed 13440K, reserved 1048576K
}
Event: 278.784 GC heap before
{Heap before GC invocations=40 (full 0):
 garbage-first heap   total 143360K, used 131503K [0x0000000091000000, 0x0000000100000000)
  region size 1024K, 36 young (36864K), 6 survivors (6144K)
 Metaspace       used 96553K, committed 97536K, reserved 1179648K
  class space    used 13108K, committed 13568K, reserved 1048576K
}
Event: 278.792 GC heap after
{Heap after GC invocations=41 (full 0):
 garbage-first heap   total 143360K, used 104058K [0x0000000091000000, 0x0000000100000000)
  region size 1024K, 4 young (4096K), 4 survivors (4096K)
 Metaspace       used 96553K, committed 97536K, reserved 1179648K
  class space    used 13108K, committed 13568K, reserved 1048576K
}
Event: 278.959 GC heap before
{Heap before GC invocations=41 (full 0):
 garbage-first heap   total 143360K, used 108154K [0x0000000091000000, 0x0000000100000000)
  region size 1024K, 10 young (10240K), 4 survivors (4096K)
 Metaspace       used 96578K, committed 97536K, reserved 1179648K
  class space    used 13109K, committed 13568K, reserved 1048576K
}
Event: 278.964 GC heap after
{Heap after GC invocations=42 (full 0):
 garbage-first heap   total 143360K, used 104580K [0x0000000091000000, 0x0000000100000000)
  region size 1024K, 1 young (1024K), 1 survivors (1024K)
 Metaspace       used 96578K, committed 97536K, reserved 1179648K
  class space    used 13109K, committed 13568K, reserved 1048576K
}
Event: 281.276 GC heap before
{Heap before GC invocations=43 (full 0):
 garbage-first heap   total 147456K, used 115844K [0x0000000091000000, 0x0000000100000000)
  region size 1024K, 28 young (28672K), 1 survivors (1024K)
 Metaspace       used 96765K, committed 97664K, reserved 1179648K
  class space    used 13122K, committed 13568K, reserved 1048576K
}
Event: 281.281 GC heap after
{Heap after GC invocations=44 (full 0):
 garbage-first heap   total 147456K, used 92754K [0x0000000091000000, 0x0000000100000000)
  region size 1024K, 4 young (4096K), 4 survivors (4096K)
 Metaspace       used 96765K, committed 97664K, reserved 1179648K
  class space    used 13122K, committed 13568K, reserved 1048576K
}
Event: 284.191 GC heap before
{Heap before GC invocations=44 (full 0):
 garbage-first heap   total 147456K, used 143954K [0x0000000091000000, 0x0000000100000000)
  region size 1024K, 42 young (43008K), 4 survivors (4096K)
 Metaspace       used 96955K, committed 97856K, reserved 1179648K
  class space    used 13124K, committed 13568K, reserved 1048576K
}
Event: 284.201 GC heap after
{Heap after GC invocations=45 (full 0):
 garbage-first heap   total 157696K, used 101870K [0x0000000091000000, 0x0000000100000000)
  region size 1024K, 6 young (6144K), 6 survivors (6144K)
 Metaspace       used 96955K, committed 97856K, reserved 1179648K
  class space    used 13124K, committed 13568K, reserved 1048576K
}
Event: 284.243 GC heap before
{Heap before GC invocations=45 (full 0):
 garbage-first heap   total 157696K, used 102894K [0x0000000091000000, 0x0000000100000000)
  region size 1024K, 8 young (8192K), 6 survivors (6144K)
 Metaspace       used 96978K, committed 97856K, reserved 1179648K
  class space    used 13124K, committed 13568K, reserved 1048576K
}
Event: 284.247 GC heap after
{Heap after GC invocations=46 (full 0):
 garbage-first heap   total 157696K, used 102943K [0x0000000091000000, 0x0000000100000000)
  region size 1024K, 1 young (1024K), 1 survivors (1024K)
 Metaspace       used 96978K, committed 97856K, reserved 1179648K
  class space    used 13124K, committed 13568K, reserved 1048576K
}
Event: 320.567 GC heap before
{Heap before GC invocations=47 (full 0):
 garbage-first heap   total 158720K, used 123423K [0x0000000091000000, 0x0000000100000000)
  region size 1024K, 35 young (35840K), 1 survivors (1024K)
 Metaspace       used 97027K, committed 97920K, reserved 1179648K
  class space    used 13127K, committed 13568K, reserved 1048576K
}
Event: 320.570 GC heap after
{Heap after GC invocations=48 (full 0):
 garbage-first heap   total 158720K, used 91183K [0x0000000091000000, 0x0000000100000000)
  region size 1024K, 3 young (3072K), 3 survivors (3072K)
 Metaspace       used 97027K, committed 97920K, reserved 1179648K
  class space    used 13127K, committed 13568K, reserved 1048576K
}
Event: 365.203 GC heap before
{Heap before GC invocations=48 (full 0):
 garbage-first heap   total 158720K, used 134191K [0x0000000091000000, 0x0000000100000000)
  region size 1024K, 46 young (47104K), 3 survivors (3072K)
 Metaspace       used 97304K, committed 98176K, reserved 1179648K
  class space    used 13140K, committed 13568K, reserved 1048576K
}
Event: 365.211 GC heap after
{Heap after GC invocations=49 (full 0):
 garbage-first heap   total 158720K, used 82320K [0x0000000091000000, 0x0000000100000000)
  region size 1024K, 3 young (3072K), 3 survivors (3072K)
 Metaspace       used 97304K, committed 98176K, reserved 1179648K
  class space    used 13140K, committed 13568K, reserved 1048576K
}
Event: 395.165 GC heap before
{Heap before GC invocations=49 (full 0):
 garbage-first heap   total 158720K, used 133520K [0x0000000091000000, 0x0000000100000000)
  region size 1024K, 54 young (55296K), 3 survivors (3072K)
 Metaspace       used 98347K, committed 99328K, reserved 1179648K
  class space    used 13246K, committed 13696K, reserved 1048576K
}
Event: 395.169 GC heap after
{Heap after GC invocations=50 (full 0):
 garbage-first heap   total 158720K, used 82762K [0x0000000091000000, 0x0000000100000000)
  region size 1024K, 4 young (4096K), 4 survivors (4096K)
 Metaspace       used 98347K, committed 99328K, reserved 1179648K
  class space    used 13246K, committed 13696K, reserved 1048576K
}
Event: 430.164 GC heap before
{Heap before GC invocations=51 (full 0):
 garbage-first heap   total 158720K, used 128842K [0x0000000091000000, 0x0000000100000000)
  region size 1024K, 57 young (58368K), 4 survivors (4096K)
 Metaspace       used 98743K, committed 99648K, reserved 1179648K
  class space    used 13246K, committed 13696K, reserved 1048576K
}
Event: 430.170 GC heap after
{Heap after GC invocations=52 (full 0):
 garbage-first heap   total 158720K, used 75606K [0x0000000091000000, 0x0000000100000000)
  region size 1024K, 4 young (4096K), 4 survivors (4096K)
 Metaspace       used 98743K, committed 99648K, reserved 1179648K
  class space    used 13246K, committed 13696K, reserved 1048576K
}

