# JRE version: Java(TM) SE Runtime Environment (21.0.3+7) (build 21.0.3+7-LTS-152)
# Java VM: Java HotSpot(TM) 64-Bit Server VM (21.0.3+7-LTS-152, mixed mode, sharing, tiered, compressed oops, compressed class ptrs, g1 gc, windows-amd64)
GC Precious Log:
 CardTable entry size: 512
 Card Set container configuration: InlinePtr #cards 5 size 8 Array Of Cards #cards 12 size 40 Howl #buckets 4 coarsen threshold 1843 Howl Bitmap #cards 512 size 80 coarsen threshold 460 Card regions per heap region 1 cards per card region 2048
 CPUs: 8 total, 8 available
 Memory: 7103M
 Large Page Support: Disabled
 NUMA Support: Disabled
 Compressed Oops: Enabled (32-bit)
 Heap Region Size: 1M
 Heap Min Capacity: 8M
 Heap Initial Capacity: 112M
 Heap Max Capacity: 1776M
 Pre-touch: Disabled
 Parallel Workers: 8
 Concurrent Workers: 2
 Concurrent Refinement Workers: 8
 Periodic GC: Disabled
Heap:
 garbage-first heap   total 171008K, used 106794K [0x0000000091000000, 0x0000000100000000)
  region size 1024K, 49 young (50176K), 1 survivors (1024K)
 Metaspace       used 93634K, committed 94912K, reserved 1179648K
  class space    used 12493K, committed 12992K, reserved 1048576K
GC Heap History (20 events):
Event: 22032.727 GC heap before
{Heap before GC invocations=17350 (full 0):
 garbage-first heap   total 171008K, used 159002K [0x0000000091000000, 0x0000000100000000)
  region size 1024K, 99 young (101376K), 1 survivors (1024K)
 Metaspace       used 93618K, committed 94912K, reserved 1179648K
  class space    used 12489K, committed 12992K, reserved 1048576K
}
Event: 22032.734 GC heap after
{Heap after GC invocations=17351 (full 0):
 garbage-first heap   total 171008K, used 58670K [0x0000000091000000, 0x0000000100000000)
  region size 1024K, 1 young (1024K), 1 survivors (1024K)
 Metaspace       used 93618K, committed 94912K, reserved 1179648K
  class space    used 12489K, committed 12992K, reserved 1048576K
}
Event: 22034.801 GC heap before
{Heap before GC invocations=17351 (full 0):
 garbage-first heap   total 171008K, used 159022K [0x0000000091000000, 0x0000000100000000)
  region size 1024K, 99 young (101376K), 1 survivors (1024K)
 Metaspace       used 93634K, committed 94912K, reserved 1179648K
  class space    used 12493K, committed 12992K, reserved 1048576K
}
Event: 22034.814 GC heap after
{Heap after GC invocations=17352 (full 0):
 garbage-first heap   total 171008K, used 58671K [0x0000000091000000, 0x0000000100000000)
  region size 1024K, 1 young (1024K), 1 survivors (1024K)
 Metaspace       used 93634K, committed 94912K, reserved 1179648K
  class space    used 12493K, committed 12992K, reserved 1048576K
}
Event: 22035.854 GC heap before
{Heap before GC invocations=17352 (full 0):
 garbage-first heap   total 171008K, used 159023K [0x0000000091000000, 0x0000000100000000)
  region size 1024K, 99 young (101376K), 1 survivors (1024K)
 Metaspace       used 93634K, committed 94912K, reserved 1179648K
  class space    used 12493K, committed 12992K, reserved 1048576K
}
Event: 22035.855 GC heap after
{Heap after GC invocations=17353 (full 0):
 garbage-first heap   total 171008K, used 58668K [0x0000000091000000, 0x0000000100000000)
  region size 1024K, 1 young (1024K), 1 survivors (1024K)
 Metaspace       used 93634K, committed 94912K, reserved 1179648K
  class space    used 12493K, committed 12992K, reserved 1048576K
}
Event: 22036.105 GC heap before
{Heap before GC invocations=17353 (full 0):
 garbage-first heap   total 171008K, used 159020K [0x0000000091000000, 0x0000000100000000)
  region size 1024K, 99 young (101376K), 1 survivors (1024K)
 Metaspace       used 93634K, committed 94912K, reserved 1179648K
  class space    used 12493K, committed 12992K, reserved 1048576K
}
Event: 22036.106 GC heap after
{Heap after GC invocations=17354 (full 0):
 garbage-first heap   total 171008K, used 58666K [0x0000000091000000, 0x0000000100000000)
  region size 1024K, 1 young (1024K), 1 survivors (1024K)
 Metaspace       used 93634K, committed 94912K, reserved 1179648K
  class space    used 12493K, committed 12992K, reserved 1048576K
}
Event: 22036.351 GC heap before
{Heap before GC invocations=17354 (full 0):
 garbage-first heap   total 171008K, used 159018K [0x0000000091000000, 0x0000000100000000)
  region size 1024K, 99 young (101376K), 1 survivors (1024K)
 Metaspace       used 93634K, committed 94912K, reserved 1179648K
  class space    used 12493K, committed 12992K, reserved 1048576K
}
Event: 22036.352 GC heap after
{Heap after GC invocations=17355 (full 0):
 garbage-first heap   total 171008K, used 58670K [0x0000000091000000, 0x0000000100000000)
  region size 1024K, 1 young (1024K), 1 survivors (1024K)
 Metaspace       used 93634K, committed 94912K, reserved 1179648K
  class space    used 12493K, committed 12992K, reserved 1048576K
}
Event: 22036.725 GC heap before
{Heap before GC invocations=17355 (full 0):
 garbage-first heap   total 171008K, used 159022K [0x0000000091000000, 0x0000000100000000)
  region size 1024K, 99 young (101376K), 1 survivors (1024K)
 Metaspace       used 93634K, committed 94912K, reserved 1179648K
  class space    used 12493K, committed 12992K, reserved 1048576K
}
Event: 22036.727 GC heap after
{Heap after GC invocations=17356 (full 0):
 garbage-first heap   total 171008K, used 58672K [0x0000000091000000, 0x0000000100000000)
  region size 1024K, 1 young (1024K), 1 survivors (1024K)
 Metaspace       used 93634K, committed 94912K, reserved 1179648K
  class space    used 12493K, committed 12992K, reserved 1048576K
}
Event: 22036.972 GC heap before
{Heap before GC invocations=17356 (full 0):
 garbage-first heap   total 171008K, used 159024K [0x0000000091000000, 0x0000000100000000)
  region size 1024K, 99 young (101376K), 1 survivors (1024K)
 Metaspace       used 93634K, committed 94912K, reserved 1179648K
  class space    used 12493K, committed 12992K, reserved 1048576K
}
Event: 22036.974 GC heap after
{Heap after GC invocations=17357 (full 0):
 garbage-first heap   total 171008K, used 58668K [0x0000000091000000, 0x0000000100000000)
  region size 1024K, 1 young (1024K), 1 survivors (1024K)
 Metaspace       used 93634K, committed 94912K, reserved 1179648K
  class space    used 12493K, committed 12992K, reserved 1048576K
}
Event: 22037.212 GC heap before
{Heap before GC invocations=17357 (full 0):
 garbage-first heap   total 171008K, used 159020K [0x0000000091000000, 0x0000000100000000)
  region size 1024K, 99 young (101376K), 1 survivors (1024K)
 Metaspace       used 93634K, committed 94912K, reserved 1179648K
  class space    used 12493K, committed 12992K, reserved 1048576K
}
Event: 22037.213 GC heap after
{Heap after GC invocations=17358 (full 0):
 garbage-first heap   total 171008K, used 58669K [0x0000000091000000, 0x0000000100000000)
  region size 1024K, 1 young (1024K), 1 survivors (1024K)
 Metaspace       used 93634K, committed 94912K, reserved 1179648K
  class space    used 12493K, committed 12992K, reserved 1048576K
}
Event: 22037.459 GC heap before
{Heap before GC invocations=17358 (full 0):
 garbage-first heap   total 171008K, used 159021K [0x0000000091000000, 0x0000000100000000)
  region size 1024K, 99 young (101376K), 1 survivors (1024K)
 Metaspace       used 93634K, committed 94912K, reserved 1179648K
  class space    used 12493K, committed 12992K, reserved 1048576K
}
Event: 22037.460 GC heap after
{Heap after GC invocations=17359 (full 0):
 garbage-first heap   total 171008K, used 58668K [0x0000000091000000, 0x0000000100000000)
  region size 1024K, 1 young (1024K), 1 survivors (1024K)
 Metaspace       used 93634K, committed 94912K, reserved 1179648K
  class space    used 12493K, committed 12992K, reserved 1048576K
}
Event: 22037.700 GC heap before
{Heap before GC invocations=17359 (full 0):
 garbage-first heap   total 171008K, used 159020K [0x0000000091000000, 0x0000000100000000)
  region size 1024K, 99 young (101376K), 1 survivors (1024K)
 Metaspace       used 93634K, committed 94912K, reserved 1179648K
  class space    used 12493K, committed 12992K, reserved 1048576K
}
Event: 22037.702 GC heap after
{Heap after GC invocations=17360 (full 0):
 garbage-first heap   total 171008K, used 58666K [0x0000000091000000, 0x0000000100000000)
  region size 1024K, 1 young (1024K), 1 survivors (1024K)
 Metaspace       used 93634K, committed 94912K, reserved 1179648K
  class space    used 12493K, committed 12992K, reserved 1048576K
}

