# JRE version: Java(TM) SE Runtime Environment (21.0.3+7) (build 21.0.3+7-LTS-152)
# Java VM: Java HotSpot(TM) 64-Bit Server VM (21.0.3+7-LTS-152, mixed mode, sharing, tiered, compressed oops, compressed class ptrs, g1 gc, windows-amd64)
GC Precious Log:
 CardTable entry size: 512
 Card Set container configuration: InlinePtr #cards 5 size 8 Array Of Cards #cards 12 size 40 Howl #buckets 4 coarsen threshold 1843 Howl Bitmap #cards 512 size 80 coarsen threshold 460 Card regions per heap region 1 cards per card region 2048
 CPUs: 8 total, 8 available
 Memory: 7103M
 Large Page Support: Disabled
 NUMA Support: Disabled
 Compressed Oops: Enabled (32-bit)
 Heap Region Size: 1M
 Heap Min Capacity: 8M
 Heap Initial Capacity: 112M
 Heap Max Capacity: 1776M
 Pre-touch: Disabled
 Parallel Workers: 8
 Concurrent Workers: 2
 Concurrent Refinement Workers: 8
 Periodic GC: Disabled
Heap:
 garbage-first heap   total 147456K, used 102300K [0x0000000091000000, 0x0000000100000000)
  region size 1024K, 43 young (44032K), 2 survivors (2048K)
 Metaspace       used 98984K, committed 99968K, reserved 1179648K
  class space    used 13221K, committed 13696K, reserved 1048576K
GC Heap History (20 events):
Event: 479.154 GC heap before
{Heap before GC invocations=52 (full 0):
 garbage-first heap   total 147456K, used 124632K [0x0000000091000000, 0x0000000100000000)
  region size 1024K, 51 young (52224K), 2 survivors (2048K)
 Metaspace       used 98627K, committed 99584K, reserved 1179648K
  class space    used 13219K, committed 13696K, reserved 1048576K
}
Event: 479.176 GC heap after
{Heap after GC invocations=53 (full 0):
 garbage-first heap   total 147456K, used 66258K [0x0000000091000000, 0x0000000100000000)
  region size 1024K, 2 young (2048K), 2 survivors (2048K)
 Metaspace       used 98627K, committed 99584K, reserved 1179648K
  class space    used 13219K, committed 13696K, reserved 1048576K
}
Event: 494.765 GC heap before
{Heap before GC invocations=53 (full 0):
 garbage-first heap   total 147456K, used 124626K [0x0000000091000000, 0x0000000100000000)
  region size 1024K, 60 young (61440K), 2 survivors (2048K)
 Metaspace       used 98658K, committed 99584K, reserved 1179648K
  class space    used 13219K, committed 13696K, reserved 1048576K
}
Event: 494.772 GC heap after
{Heap after GC invocations=54 (full 0):
 garbage-first heap   total 147456K, used 66200K [0x0000000091000000, 0x0000000100000000)
  region size 1024K, 2 young (2048K), 2 survivors (2048K)
 Metaspace       used 98658K, committed 99584K, reserved 1179648K
  class space    used 13219K, committed 13696K, reserved 1048576K
}
Event: 511.618 GC heap before
{Heap before GC invocations=55 (full 0):
 garbage-first heap   total 147456K, used 130712K [0x0000000091000000, 0x0000000100000000)
  region size 1024K, 66 young (67584K), 2 survivors (2048K)
 Metaspace       used 98664K, committed 99584K, reserved 1179648K
  class space    used 13219K, committed 13696K, reserved 1048576K
}
Event: 511.624 GC heap after
{Heap after GC invocations=56 (full 0):
 garbage-first heap   total 147456K, used 66240K [0x0000000091000000, 0x0000000100000000)
  region size 1024K, 2 young (2048K), 2 survivors (2048K)
 Metaspace       used 98664K, committed 99584K, reserved 1179648K
  class space    used 13219K, committed 13696K, reserved 1048576K
}
Event: 528.736 GC heap before
{Heap before GC invocations=56 (full 0):
 garbage-first heap   total 147456K, used 133824K [0x0000000091000000, 0x0000000100000000)
  region size 1024K, 69 young (70656K), 2 survivors (2048K)
 Metaspace       used 98735K, committed 99712K, reserved 1179648K
  class space    used 13220K, committed 13696K, reserved 1048576K
}
Event: 528.743 GC heap after
{Heap after GC invocations=57 (full 0):
 garbage-first heap   total 147456K, used 64074K [0x0000000091000000, 0x0000000100000000)
  region size 1024K, 2 young (2048K), 2 survivors (2048K)
 Metaspace       used 98735K, committed 99712K, reserved 1179648K
  class space    used 13220K, committed 13696K, reserved 1048576K
}
Event: 551.308 GC heap before
{Heap before GC invocations=57 (full 0):
 garbage-first heap   total 147456K, used 134730K [0x0000000091000000, 0x0000000100000000)
  region size 1024K, 72 young (73728K), 2 survivors (2048K)
 Metaspace       used 98776K, committed 99776K, reserved 1179648K
  class space    used 13220K, committed 13696K, reserved 1048576K
}
Event: 551.314 GC heap after
{Heap after GC invocations=58 (full 0):
 garbage-first heap   total 147456K, used 64095K [0x0000000091000000, 0x0000000100000000)
  region size 1024K, 2 young (2048K), 2 survivors (2048K)
 Metaspace       used 98776K, committed 99776K, reserved 1179648K
  class space    used 13220K, committed 13696K, reserved 1048576K
}
Event: 572.972 GC heap before
{Heap before GC invocations=59 (full 0):
 garbage-first heap   total 147456K, used 134751K [0x0000000091000000, 0x0000000100000000)
  region size 1024K, 72 young (73728K), 2 survivors (2048K)
 Metaspace       used 98877K, committed 99840K, reserved 1179648K
  class space    used 13220K, committed 13696K, reserved 1048576K
}
Event: 572.979 GC heap after
{Heap after GC invocations=60 (full 0):
 garbage-first heap   total 147456K, used 64152K [0x0000000091000000, 0x0000000100000000)
  region size 1024K, 2 young (2048K), 2 survivors (2048K)
 Metaspace       used 98877K, committed 99840K, reserved 1179648K
  class space    used 13220K, committed 13696K, reserved 1048576K
}
Event: 591.628 GC heap before
{Heap before GC invocations=60 (full 0):
 garbage-first heap   total 147456K, used 134808K [0x0000000091000000, 0x0000000100000000)
  region size 1024K, 72 young (73728K), 2 survivors (2048K)
 Metaspace       used 98892K, committed 99904K, reserved 1179648K
  class space    used 13220K, committed 13696K, reserved 1048576K
}
Event: 591.641 GC heap after
{Heap after GC invocations=61 (full 0):
 garbage-first heap   total 147456K, used 63020K [0x0000000091000000, 0x0000000100000000)
  region size 1024K, 2 young (2048K), 2 survivors (2048K)
 Metaspace       used 98892K, committed 99904K, reserved 1179648K
  class space    used 13220K, committed 13696K, reserved 1048576K
}
Event: 609.148 GC heap before
{Heap before GC invocations=61 (full 0):
 garbage-first heap   total 147456K, used 134700K [0x0000000091000000, 0x0000000100000000)
  region size 1024K, 73 young (74752K), 2 survivors (2048K)
 Metaspace       used 98911K, committed 99904K, reserved 1179648K
  class space    used 13220K, committed 13696K, reserved 1048576K
}
Event: 609.153 GC heap after
{Heap after GC invocations=62 (full 0):
 garbage-first heap   total 147456K, used 62992K [0x0000000091000000, 0x0000000100000000)
  region size 1024K, 2 young (2048K), 2 survivors (2048K)
 Metaspace       used 98911K, committed 99904K, reserved 1179648K
  class space    used 13220K, committed 13696K, reserved 1048576K
}
Event: 625.093 GC heap before
{Heap before GC invocations=63 (full 0):
 garbage-first heap   total 147456K, used 134672K [0x0000000091000000, 0x0000000100000000)
  region size 1024K, 73 young (74752K), 2 survivors (2048K)
 Metaspace       used 98934K, committed 99904K, reserved 1179648K
  class space    used 13220K, committed 13696K, reserved 1048576K
}
Event: 625.101 GC heap after
{Heap after GC invocations=64 (full 0):
 garbage-first heap   total 147456K, used 63134K [0x0000000091000000, 0x0000000100000000)
  region size 1024K, 2 young (2048K), 2 survivors (2048K)
 Metaspace       used 98934K, committed 99904K, reserved 1179648K
  class space    used 13220K, committed 13696K, reserved 1048576K
}
Event: 638.137 GC heap before
{Heap before GC invocations=64 (full 0):
 garbage-first heap   total 147456K, used 134814K [0x0000000091000000, 0x0000000100000000)
  region size 1024K, 73 young (74752K), 2 survivors (2048K)
 Metaspace       used 98971K, committed 99968K, reserved 1179648K
  class space    used 13220K, committed 13696K, reserved 1048576K
}
Event: 638.150 GC heap after
{Heap after GC invocations=65 (full 0):
 garbage-first heap   total 147456K, used 62364K [0x0000000091000000, 0x0000000100000000)
  region size 1024K, 2 young (2048K), 2 survivors (2048K)
 Metaspace       used 98971K, committed 99968K, reserved 1179648K
  class space    used 13220K, committed 13696K, reserved 1048576K
}

