# JRE version: Java(TM) SE Runtime Environment (21.0.3+7) (build 21.0.3+7-LTS-152)
# Java VM: Java HotSpot(TM) 64-Bit Server VM (21.0.3+7-LTS-152, mixed mode, sharing, tiered, compressed oops, compressed class ptrs, g1 gc, windows-amd64)
GC Precious Log:
 CardTable entry size: 512
 Card Set container configuration: InlinePtr #cards 5 size 8 Array Of Cards #cards 12 size 40 Howl #buckets 4 coarsen threshold 1843 Howl Bitmap #cards 512 size 80 coarsen threshold 460 Card regions per heap region 1 cards per card region 2048
 CPUs: 8 total, 8 available
 Memory: 7103M
 Large Page Support: Disabled
 NUMA Support: Disabled
 Compressed Oops: Enabled (32-bit)
 Heap Region Size: 1M
 Heap Min Capacity: 8M
 Heap Initial Capacity: 112M
 Heap Max Capacity: 1776M
 Pre-touch: Disabled
 Parallel Workers: 8
 Concurrent Workers: 2
 Concurrent Refinement Workers: 8
 Periodic GC: Disabled
Heap:
 garbage-first heap   total 148480K, used 98395K [0x0000000091000000, 0x0000000100000000)
  region size 1024K, 37 young (37888K), 3 survivors (3072K)
 Metaspace       used 95091K, committed 96000K, reserved 1179648K
  class space    used 12911K, committed 13312K, reserved 1048576K
GC Heap History (20 events):
Event: 28.500 GC heap before
{Heap before GC invocations=32 (full 0):
 garbage-first heap   total 137216K, used 124414K [0x0000000091000000, 0x0000000100000000)
  region size 1024K, 33 young (33792K), 3 survivors (3072K)
 Metaspace       used 83018K, committed 83840K, reserved 1179648K
  class space    used 11347K, committed 11712K, reserved 1048576K
}
Event: 28.507 GC heap after
{Heap after GC invocations=33 (full 0):
 garbage-first heap   total 137216K, used 97123K [0x0000000091000000, 0x0000000100000000)
  region size 1024K, 5 young (5120K), 5 survivors (5120K)
 Metaspace       used 83018K, committed 83840K, reserved 1179648K
  class space    used 11347K, committed 11712K, reserved 1048576K
}
Event: 33.013 GC heap before
{Heap before GC invocations=33 (full 0):
 garbage-first heap   total 137216K, used 102243K [0x0000000091000000, 0x0000000100000000)
  region size 1024K, 12 young (12288K), 5 survivors (5120K)
 Metaspace       used 83079K, committed 83840K, reserved 1179648K
  class space    used 11347K, committed 11712K, reserved 1048576K
}
Event: 33.017 GC heap after
{Heap after GC invocations=34 (full 0):
 garbage-first heap   total 137216K, used 97716K [0x0000000091000000, 0x0000000100000000)
  region size 1024K, 1 young (1024K), 1 survivors (1024K)
 Metaspace       used 83079K, committed 83840K, reserved 1179648K
  class space    used 11347K, committed 11712K, reserved 1048576K
}
Event: 38.940 GC heap before
{Heap before GC invocations=35 (full 0):
 garbage-first heap   total 145408K, used 115124K [0x0000000091000000, 0x0000000100000000)
  region size 1024K, 26 young (26624K), 1 survivors (1024K)
 Metaspace       used 83270K, committed 84096K, reserved 1179648K
  class space    used 11351K, committed 11712K, reserved 1048576K
}
Event: 38.945 GC heap after
{Heap after GC invocations=36 (full 0):
 garbage-first heap   total 145408K, used 94713K [0x0000000091000000, 0x0000000100000000)
  region size 1024K, 4 young (4096K), 4 survivors (4096K)
 Metaspace       used 83270K, committed 84096K, reserved 1179648K
  class space    used 11351K, committed 11712K, reserved 1048576K
}
Event: 41.937 GC heap before
{Heap before GC invocations=36 (full 0):
 garbage-first heap   total 145408K, used 136697K [0x0000000091000000, 0x0000000100000000)
  region size 1024K, 35 young (35840K), 4 survivors (4096K)
 Metaspace       used 83517K, committed 84288K, reserved 1179648K
  class space    used 11358K, committed 11712K, reserved 1048576K
}
Event: 41.945 GC heap after
{Heap after GC invocations=37 (full 0):
 garbage-first heap   total 148480K, used 102335K [0x0000000091000000, 0x0000000100000000)
  region size 1024K, 5 young (5120K), 5 survivors (5120K)
 Metaspace       used 83517K, committed 84288K, reserved 1179648K
  class space    used 11358K, committed 11712K, reserved 1048576K
}
Event: 41.970 GC heap before
{Heap before GC invocations=37 (full 0):
 garbage-first heap   total 148480K, used 102335K [0x0000000091000000, 0x0000000100000000)
  region size 1024K, 6 young (6144K), 5 survivors (5120K)
 Metaspace       used 83519K, committed 84288K, reserved 1179648K
  class space    used 11358K, committed 11712K, reserved 1048576K
}
Event: 41.973 GC heap after
{Heap after GC invocations=38 (full 0):
 garbage-first heap   total 148480K, used 103182K [0x0000000091000000, 0x0000000100000000)
  region size 1024K, 1 young (1024K), 1 survivors (1024K)
 Metaspace       used 83519K, committed 84288K, reserved 1179648K
  class space    used 11358K, committed 11712K, reserved 1048576K
}
Event: 47.073 GC heap before
{Heap before GC invocations=39 (full 0):
 garbage-first heap   total 148480K, used 112398K [0x0000000091000000, 0x0000000100000000)
  region size 1024K, 29 young (29696K), 1 survivors (1024K)
 Metaspace       used 86716K, committed 87552K, reserved 1179648K
  class space    used 11721K, committed 12096K, reserved 1048576K
}
Event: 47.078 GC heap after
{Heap after GC invocations=40 (full 0):
 garbage-first heap   total 148480K, used 87102K [0x0000000091000000, 0x0000000100000000)
  region size 1024K, 4 young (4096K), 4 survivors (4096K)
 Metaspace       used 86716K, committed 87552K, reserved 1179648K
  class space    used 11721K, committed 12096K, reserved 1048576K
}
Event: 49.049 GC heap before
{Heap before GC invocations=40 (full 0):
 garbage-first heap   total 148480K, used 126014K [0x0000000091000000, 0x0000000100000000)
  region size 1024K, 42 young (43008K), 4 survivors (4096K)
 Metaspace       used 91002K, committed 91904K, reserved 1179648K
  class space    used 12480K, committed 12928K, reserved 1048576K
}
Event: 49.057 GC heap after
{Heap after GC invocations=41 (full 0):
 garbage-first heap   total 148480K, used 75767K [0x0000000091000000, 0x0000000100000000)
  region size 1024K, 2 young (2048K), 2 survivors (2048K)
 Metaspace       used 91002K, committed 91904K, reserved 1179648K
  class space    used 12480K, committed 12928K, reserved 1048576K
}
Event: 99.133 GC heap before
{Heap before GC invocations=41 (full 0):
 garbage-first heap   total 148480K, used 122871K [0x0000000091000000, 0x0000000100000000)
  region size 1024K, 49 young (50176K), 2 survivors (2048K)
 Metaspace       used 94287K, committed 95232K, reserved 1179648K
  class space    used 12882K, committed 13312K, reserved 1048576K
}
Event: 99.140 GC heap after
{Heap after GC invocations=42 (full 0):
 garbage-first heap   total 148480K, used 77036K [0x0000000091000000, 0x0000000100000000)
  region size 1024K, 3 young (3072K), 3 survivors (3072K)
 Metaspace       used 94287K, committed 95232K, reserved 1179648K
  class space    used 12882K, committed 13312K, reserved 1048576K
}
Event: 112.029 GC heap before
{Heap before GC invocations=43 (full 0):
 garbage-first heap   total 148480K, used 119020K [0x0000000091000000, 0x0000000100000000)
  region size 1024K, 52 young (53248K), 3 survivors (3072K)
 Metaspace       used 94992K, committed 95872K, reserved 1179648K
  class space    used 12911K, committed 13312K, reserved 1048576K
}
Event: 112.036 GC heap after
{Heap after GC invocations=44 (full 0):
 garbage-first heap   total 148480K, used 69956K [0x0000000091000000, 0x0000000100000000)
  region size 1024K, 3 young (3072K), 3 survivors (3072K)
 Metaspace       used 94992K, committed 95872K, reserved 1179648K
  class space    used 12911K, committed 13312K, reserved 1048576K
}
Event: 128.759 GC heap before
{Heap before GC invocations=44 (full 0):
 garbage-first heap   total 148480K, used 131396K [0x0000000091000000, 0x0000000100000000)
  region size 1024K, 64 young (65536K), 3 survivors (3072K)
 Metaspace       used 95033K, committed 95936K, reserved 1179648K
  class space    used 12911K, committed 13312K, reserved 1048576K
}
Event: 128.767 GC heap after
{Heap after GC invocations=45 (full 0):
 garbage-first heap   total 148480K, used 65627K [0x0000000091000000, 0x0000000100000000)
  region size 1024K, 3 young (3072K), 3 survivors (3072K)
 Metaspace       used 95033K, committed 95936K, reserved 1179648K
  class space    used 12911K, committed 13312K, reserved 1048576K
}

